<?xml version="1.0" encoding="UTF-8"?>
<!-- Generated by org.testng.reporters.JUnitReportReporter -->
<testsuite hostname="DESKTOP-Q7ANQGG" failures="0" tests="1" name="seleniumclass.Testclass" time="0.012" errors="0" timestamp="2024-06-04T16:13:01 IST" skipped="0">
  <testcase classname="seleniumclass.Testclass" name="test" time="0.012"/>
</testsuite> <!-- seleniumclass.Testclass -->
